[2022-05-20 01:03:58,940] {processor.py:153} INFO - Started process (PID=201) to work on /opt/airflow/dags/demo_dag.py
[2022-05-20 01:03:58,941] {processor.py:641} INFO - Processing file /opt/airflow/dags/demo_dag.py for tasks to queue
[2022-05-20 01:03:58,941] {logging_mixin.py:115} INFO - [2022-05-20 01:03:58,941] {dagbag.py:507} INFO - Filling up the DagBag from /opt/airflow/dags/demo_dag.py
[2022-05-20 01:04:00,501] {logging_mixin.py:115} WARNING - /home/airflow/.local/lib/python3.7/site-packages/airflow/contrib/operators/emr_add_steps_operator.py:22 DeprecationWarning: This module is deprecated. Please use `airflow.providers.amazon.aws.operators.emr`.
[2022-05-20 01:04:00,505] {logging_mixin.py:115} WARNING - /home/airflow/.local/lib/python3.7/site-packages/airflow/contrib/sensors/emr_step_sensor.py:22 DeprecationWarning: This module is deprecated. Please use `airflow.providers.amazon.aws.sensors.emr`.
[2022-05-20 01:04:00,515] {processor.py:651} INFO - DAG(s) dict_keys(['user_behaviour']) retrieved from /opt/airflow/dags/demo_dag.py
[2022-05-20 01:04:00,569] {logging_mixin.py:115} INFO - [2022-05-20 01:04:00,569] {dag.py:2371} INFO - Sync 1 DAGs
[2022-05-20 01:04:00,641] {processor.py:161} INFO - Processing /opt/airflow/dags/demo_dag.py took 1.703 seconds
[2022-05-20 01:04:30,746] {processor.py:153} INFO - Started process (PID=237) to work on /opt/airflow/dags/demo_dag.py
[2022-05-20 01:04:30,747] {processor.py:641} INFO - Processing file /opt/airflow/dags/demo_dag.py for tasks to queue
[2022-05-20 01:04:30,747] {logging_mixin.py:115} INFO - [2022-05-20 01:04:30,747] {dagbag.py:507} INFO - Filling up the DagBag from /opt/airflow/dags/demo_dag.py
[2022-05-20 01:04:31,095] {logging_mixin.py:115} WARNING - /home/airflow/.local/lib/python3.7/site-packages/airflow/contrib/operators/emr_add_steps_operator.py:22 DeprecationWarning: This module is deprecated. Please use `airflow.providers.amazon.aws.operators.emr`.
[2022-05-20 01:04:31,097] {logging_mixin.py:115} WARNING - /home/airflow/.local/lib/python3.7/site-packages/airflow/contrib/sensors/emr_step_sensor.py:22 DeprecationWarning: This module is deprecated. Please use `airflow.providers.amazon.aws.sensors.emr`.
[2022-05-20 01:04:31,105] {processor.py:651} INFO - DAG(s) dict_keys(['user_behaviour']) retrieved from /opt/airflow/dags/demo_dag.py
[2022-05-20 01:04:31,121] {logging_mixin.py:115} INFO - [2022-05-20 01:04:31,121] {dag.py:2371} INFO - Sync 1 DAGs
[2022-05-20 01:04:31,169] {processor.py:161} INFO - Processing /opt/airflow/dags/demo_dag.py took 0.425 seconds
[2022-05-20 01:05:01,309] {processor.py:153} INFO - Started process (PID=263) to work on /opt/airflow/dags/demo_dag.py
[2022-05-20 01:05:01,309] {processor.py:641} INFO - Processing file /opt/airflow/dags/demo_dag.py for tasks to queue
[2022-05-20 01:05:01,310] {logging_mixin.py:115} INFO - [2022-05-20 01:05:01,310] {dagbag.py:507} INFO - Filling up the DagBag from /opt/airflow/dags/demo_dag.py
[2022-05-20 01:05:01,652] {logging_mixin.py:115} WARNING - /home/airflow/.local/lib/python3.7/site-packages/airflow/contrib/operators/emr_add_steps_operator.py:22 DeprecationWarning: This module is deprecated. Please use `airflow.providers.amazon.aws.operators.emr`.
[2022-05-20 01:05:01,654] {logging_mixin.py:115} WARNING - /home/airflow/.local/lib/python3.7/site-packages/airflow/contrib/sensors/emr_step_sensor.py:22 DeprecationWarning: This module is deprecated. Please use `airflow.providers.amazon.aws.sensors.emr`.
[2022-05-20 01:05:01,660] {processor.py:651} INFO - DAG(s) dict_keys(['user_behaviour']) retrieved from /opt/airflow/dags/demo_dag.py
[2022-05-20 01:05:01,674] {logging_mixin.py:115} INFO - [2022-05-20 01:05:01,674] {dag.py:2371} INFO - Sync 1 DAGs
[2022-05-20 01:05:01,696] {processor.py:161} INFO - Processing /opt/airflow/dags/demo_dag.py took 0.389 seconds
[2022-05-20 01:05:31,790] {processor.py:153} INFO - Started process (PID=297) to work on /opt/airflow/dags/demo_dag.py
[2022-05-20 01:05:31,790] {processor.py:641} INFO - Processing file /opt/airflow/dags/demo_dag.py for tasks to queue
[2022-05-20 01:05:31,791] {logging_mixin.py:115} INFO - [2022-05-20 01:05:31,791] {dagbag.py:507} INFO - Filling up the DagBag from /opt/airflow/dags/demo_dag.py
[2022-05-20 01:05:32,123] {logging_mixin.py:115} WARNING - /home/airflow/.local/lib/python3.7/site-packages/airflow/contrib/operators/emr_add_steps_operator.py:22 DeprecationWarning: This module is deprecated. Please use `airflow.providers.amazon.aws.operators.emr`.
[2022-05-20 01:05:32,125] {logging_mixin.py:115} WARNING - /home/airflow/.local/lib/python3.7/site-packages/airflow/contrib/sensors/emr_step_sensor.py:22 DeprecationWarning: This module is deprecated. Please use `airflow.providers.amazon.aws.sensors.emr`.
[2022-05-20 01:05:32,130] {processor.py:651} INFO - DAG(s) dict_keys(['user_behaviour']) retrieved from /opt/airflow/dags/demo_dag.py
[2022-05-20 01:05:32,146] {logging_mixin.py:115} INFO - [2022-05-20 01:05:32,146] {dag.py:2371} INFO - Sync 1 DAGs
[2022-05-20 01:05:32,214] {processor.py:161} INFO - Processing /opt/airflow/dags/demo_dag.py took 0.426 seconds
[2022-05-20 01:06:02,319] {processor.py:153} INFO - Started process (PID=333) to work on /opt/airflow/dags/demo_dag.py
[2022-05-20 01:06:02,319] {processor.py:641} INFO - Processing file /opt/airflow/dags/demo_dag.py for tasks to queue
[2022-05-20 01:06:02,320] {logging_mixin.py:115} INFO - [2022-05-20 01:06:02,320] {dagbag.py:507} INFO - Filling up the DagBag from /opt/airflow/dags/demo_dag.py
[2022-05-20 01:06:02,690] {logging_mixin.py:115} WARNING - /home/airflow/.local/lib/python3.7/site-packages/airflow/contrib/operators/emr_add_steps_operator.py:22 DeprecationWarning: This module is deprecated. Please use `airflow.providers.amazon.aws.operators.emr`.
[2022-05-20 01:06:02,693] {logging_mixin.py:115} WARNING - /home/airflow/.local/lib/python3.7/site-packages/airflow/contrib/sensors/emr_step_sensor.py:22 DeprecationWarning: This module is deprecated. Please use `airflow.providers.amazon.aws.sensors.emr`.
[2022-05-20 01:06:02,702] {processor.py:651} INFO - DAG(s) dict_keys(['user_behaviour']) retrieved from /opt/airflow/dags/demo_dag.py
[2022-05-20 01:06:02,719] {logging_mixin.py:115} INFO - [2022-05-20 01:06:02,719] {dag.py:2371} INFO - Sync 1 DAGs
[2022-05-20 01:06:02,745] {processor.py:161} INFO - Processing /opt/airflow/dags/demo_dag.py took 0.429 seconds
[2022-05-20 01:06:32,859] {processor.py:153} INFO - Started process (PID=358) to work on /opt/airflow/dags/demo_dag.py
[2022-05-20 01:06:32,859] {processor.py:641} INFO - Processing file /opt/airflow/dags/demo_dag.py for tasks to queue
[2022-05-20 01:06:32,860] {logging_mixin.py:115} INFO - [2022-05-20 01:06:32,860] {dagbag.py:507} INFO - Filling up the DagBag from /opt/airflow/dags/demo_dag.py
[2022-05-20 01:06:33,186] {logging_mixin.py:115} WARNING - /home/airflow/.local/lib/python3.7/site-packages/airflow/contrib/operators/emr_add_steps_operator.py:22 DeprecationWarning: This module is deprecated. Please use `airflow.providers.amazon.aws.operators.emr`.
[2022-05-20 01:06:33,188] {logging_mixin.py:115} WARNING - /home/airflow/.local/lib/python3.7/site-packages/airflow/contrib/sensors/emr_step_sensor.py:22 DeprecationWarning: This module is deprecated. Please use `airflow.providers.amazon.aws.sensors.emr`.
[2022-05-20 01:06:33,194] {processor.py:651} INFO - DAG(s) dict_keys(['user_behaviour']) retrieved from /opt/airflow/dags/demo_dag.py
[2022-05-20 01:06:33,208] {logging_mixin.py:115} INFO - [2022-05-20 01:06:33,208] {dag.py:2371} INFO - Sync 1 DAGs
[2022-05-20 01:06:33,270] {processor.py:161} INFO - Processing /opt/airflow/dags/demo_dag.py took 0.413 seconds
[2022-05-20 01:07:03,377] {processor.py:153} INFO - Started process (PID=393) to work on /opt/airflow/dags/demo_dag.py
[2022-05-20 01:07:03,378] {processor.py:641} INFO - Processing file /opt/airflow/dags/demo_dag.py for tasks to queue
[2022-05-20 01:07:03,379] {logging_mixin.py:115} INFO - [2022-05-20 01:07:03,378] {dagbag.py:507} INFO - Filling up the DagBag from /opt/airflow/dags/demo_dag.py
[2022-05-20 01:07:03,726] {logging_mixin.py:115} WARNING - /home/airflow/.local/lib/python3.7/site-packages/airflow/contrib/operators/emr_add_steps_operator.py:22 DeprecationWarning: This module is deprecated. Please use `airflow.providers.amazon.aws.operators.emr`.
[2022-05-20 01:07:03,728] {logging_mixin.py:115} WARNING - /home/airflow/.local/lib/python3.7/site-packages/airflow/contrib/sensors/emr_step_sensor.py:22 DeprecationWarning: This module is deprecated. Please use `airflow.providers.amazon.aws.sensors.emr`.
[2022-05-20 01:07:03,734] {processor.py:651} INFO - DAG(s) dict_keys(['user_behaviour']) retrieved from /opt/airflow/dags/demo_dag.py
[2022-05-20 01:07:03,749] {logging_mixin.py:115} INFO - [2022-05-20 01:07:03,748] {dag.py:2371} INFO - Sync 1 DAGs
[2022-05-20 01:07:03,799] {processor.py:161} INFO - Processing /opt/airflow/dags/demo_dag.py took 0.423 seconds
[2022-05-20 01:07:33,899] {processor.py:153} INFO - Started process (PID=428) to work on /opt/airflow/dags/demo_dag.py
[2022-05-20 01:07:33,900] {processor.py:641} INFO - Processing file /opt/airflow/dags/demo_dag.py for tasks to queue
[2022-05-20 01:07:33,901] {logging_mixin.py:115} INFO - [2022-05-20 01:07:33,900] {dagbag.py:507} INFO - Filling up the DagBag from /opt/airflow/dags/demo_dag.py
[2022-05-20 01:07:34,226] {logging_mixin.py:115} WARNING - /home/airflow/.local/lib/python3.7/site-packages/airflow/contrib/operators/emr_add_steps_operator.py:22 DeprecationWarning: This module is deprecated. Please use `airflow.providers.amazon.aws.operators.emr`.
[2022-05-20 01:07:34,228] {logging_mixin.py:115} WARNING - /home/airflow/.local/lib/python3.7/site-packages/airflow/contrib/sensors/emr_step_sensor.py:22 DeprecationWarning: This module is deprecated. Please use `airflow.providers.amazon.aws.sensors.emr`.
[2022-05-20 01:07:34,234] {processor.py:651} INFO - DAG(s) dict_keys(['user_behaviour']) retrieved from /opt/airflow/dags/demo_dag.py
[2022-05-20 01:07:34,248] {logging_mixin.py:115} INFO - [2022-05-20 01:07:34,248] {dag.py:2371} INFO - Sync 1 DAGs
[2022-05-20 01:07:34,272] {processor.py:161} INFO - Processing /opt/airflow/dags/demo_dag.py took 0.375 seconds
[2022-05-20 01:08:04,367] {processor.py:153} INFO - Started process (PID=454) to work on /opt/airflow/dags/demo_dag.py
[2022-05-20 01:08:04,368] {processor.py:641} INFO - Processing file /opt/airflow/dags/demo_dag.py for tasks to queue
[2022-05-20 01:08:04,369] {logging_mixin.py:115} INFO - [2022-05-20 01:08:04,369] {dagbag.py:507} INFO - Filling up the DagBag from /opt/airflow/dags/demo_dag.py
[2022-05-20 01:08:04,678] {logging_mixin.py:115} WARNING - /home/airflow/.local/lib/python3.7/site-packages/airflow/contrib/operators/emr_add_steps_operator.py:22 DeprecationWarning: This module is deprecated. Please use `airflow.providers.amazon.aws.operators.emr`.
[2022-05-20 01:08:04,680] {logging_mixin.py:115} WARNING - /home/airflow/.local/lib/python3.7/site-packages/airflow/contrib/sensors/emr_step_sensor.py:22 DeprecationWarning: This module is deprecated. Please use `airflow.providers.amazon.aws.sensors.emr`.
[2022-05-20 01:08:04,686] {processor.py:651} INFO - DAG(s) dict_keys(['user_behaviour']) retrieved from /opt/airflow/dags/demo_dag.py
[2022-05-20 01:08:04,700] {logging_mixin.py:115} INFO - [2022-05-20 01:08:04,700] {dag.py:2371} INFO - Sync 1 DAGs
[2022-05-20 01:08:04,725] {processor.py:161} INFO - Processing /opt/airflow/dags/demo_dag.py took 0.360 seconds
[2022-05-20 01:08:34,823] {processor.py:153} INFO - Started process (PID=489) to work on /opt/airflow/dags/demo_dag.py
[2022-05-20 01:08:34,823] {processor.py:641} INFO - Processing file /opt/airflow/dags/demo_dag.py for tasks to queue
[2022-05-20 01:08:34,824] {logging_mixin.py:115} INFO - [2022-05-20 01:08:34,824] {dagbag.py:507} INFO - Filling up the DagBag from /opt/airflow/dags/demo_dag.py
[2022-05-20 01:08:35,207] {logging_mixin.py:115} WARNING - /home/airflow/.local/lib/python3.7/site-packages/airflow/contrib/operators/emr_add_steps_operator.py:22 DeprecationWarning: This module is deprecated. Please use `airflow.providers.amazon.aws.operators.emr`.
[2022-05-20 01:08:35,209] {logging_mixin.py:115} WARNING - /home/airflow/.local/lib/python3.7/site-packages/airflow/contrib/sensors/emr_step_sensor.py:22 DeprecationWarning: This module is deprecated. Please use `airflow.providers.amazon.aws.sensors.emr`.
[2022-05-20 01:08:35,216] {processor.py:651} INFO - DAG(s) dict_keys(['user_behaviour']) retrieved from /opt/airflow/dags/demo_dag.py
[2022-05-20 01:08:35,234] {logging_mixin.py:115} INFO - [2022-05-20 01:08:35,234] {dag.py:2371} INFO - Sync 1 DAGs
[2022-05-20 01:08:35,260] {processor.py:161} INFO - Processing /opt/airflow/dags/demo_dag.py took 0.439 seconds
[2022-05-20 01:09:05,356] {processor.py:153} INFO - Started process (PID=525) to work on /opt/airflow/dags/demo_dag.py
[2022-05-20 01:09:05,356] {processor.py:641} INFO - Processing file /opt/airflow/dags/demo_dag.py for tasks to queue
[2022-05-20 01:09:05,357] {logging_mixin.py:115} INFO - [2022-05-20 01:09:05,357] {dagbag.py:507} INFO - Filling up the DagBag from /opt/airflow/dags/demo_dag.py
[2022-05-20 01:09:05,670] {logging_mixin.py:115} WARNING - /home/airflow/.local/lib/python3.7/site-packages/airflow/contrib/operators/emr_add_steps_operator.py:22 DeprecationWarning: This module is deprecated. Please use `airflow.providers.amazon.aws.operators.emr`.
[2022-05-20 01:09:05,672] {logging_mixin.py:115} WARNING - /home/airflow/.local/lib/python3.7/site-packages/airflow/contrib/sensors/emr_step_sensor.py:22 DeprecationWarning: This module is deprecated. Please use `airflow.providers.amazon.aws.sensors.emr`.
[2022-05-20 01:09:05,678] {processor.py:651} INFO - DAG(s) dict_keys(['user_behaviour']) retrieved from /opt/airflow/dags/demo_dag.py
[2022-05-20 01:09:05,709] {logging_mixin.py:115} INFO - [2022-05-20 01:09:05,708] {dag.py:2371} INFO - Sync 1 DAGs
[2022-05-20 01:09:05,733] {processor.py:161} INFO - Processing /opt/airflow/dags/demo_dag.py took 0.379 seconds
[2022-05-20 01:09:35,833] {processor.py:153} INFO - Started process (PID=550) to work on /opt/airflow/dags/demo_dag.py
[2022-05-20 01:09:35,834] {processor.py:641} INFO - Processing file /opt/airflow/dags/demo_dag.py for tasks to queue
[2022-05-20 01:09:35,835] {logging_mixin.py:115} INFO - [2022-05-20 01:09:35,835] {dagbag.py:507} INFO - Filling up the DagBag from /opt/airflow/dags/demo_dag.py
[2022-05-20 01:09:36,161] {logging_mixin.py:115} WARNING - /home/airflow/.local/lib/python3.7/site-packages/airflow/contrib/operators/emr_add_steps_operator.py:22 DeprecationWarning: This module is deprecated. Please use `airflow.providers.amazon.aws.operators.emr`.
[2022-05-20 01:09:36,163] {logging_mixin.py:115} WARNING - /home/airflow/.local/lib/python3.7/site-packages/airflow/contrib/sensors/emr_step_sensor.py:22 DeprecationWarning: This module is deprecated. Please use `airflow.providers.amazon.aws.sensors.emr`.
[2022-05-20 01:09:36,169] {processor.py:651} INFO - DAG(s) dict_keys(['user_behaviour']) retrieved from /opt/airflow/dags/demo_dag.py
[2022-05-20 01:09:36,184] {logging_mixin.py:115} INFO - [2022-05-20 01:09:36,183] {dag.py:2371} INFO - Sync 1 DAGs
[2022-05-20 01:09:36,247] {processor.py:161} INFO - Processing /opt/airflow/dags/demo_dag.py took 0.416 seconds
[2022-05-20 01:10:06,352] {processor.py:153} INFO - Started process (PID=586) to work on /opt/airflow/dags/demo_dag.py
[2022-05-20 01:10:06,352] {processor.py:641} INFO - Processing file /opt/airflow/dags/demo_dag.py for tasks to queue
[2022-05-20 01:10:06,353] {logging_mixin.py:115} INFO - [2022-05-20 01:10:06,353] {dagbag.py:507} INFO - Filling up the DagBag from /opt/airflow/dags/demo_dag.py
[2022-05-20 01:10:06,655] {logging_mixin.py:115} INFO - [2022-05-20 01:10:06,650] {dagbag.py:320} ERROR - Failed to import: /opt/airflow/dags/demo_dag.py
Traceback (most recent call last):
  File "/home/airflow/.local/lib/python3.7/site-packages/airflow/models/dagbag.py", line 317, in parse
    loader.exec_module(new_module)
  File "<frozen importlib._bootstrap_external>", line 728, in exec_module
  File "<frozen importlib._bootstrap>", line 219, in _call_with_frames_removed
  File "/opt/airflow/dags/demo_dag.py", line 4, in <module>
    from pipeline import top_tracks_to_df, top_artists_to_df
  File "/opt/airflow/dags/pipeline.py", line 7, in <module>
    asdf
NameError: name 'asdf' is not defined
[2022-05-20 01:10:06,656] {processor.py:653} WARNING - No viable dags retrieved from /opt/airflow/dags/demo_dag.py
[2022-05-20 01:10:06,708] {processor.py:161} INFO - Processing /opt/airflow/dags/demo_dag.py took 0.359 seconds
[2022-05-20 01:10:36,805] {processor.py:153} INFO - Started process (PID=620) to work on /opt/airflow/dags/demo_dag.py
[2022-05-20 01:10:36,806] {processor.py:641} INFO - Processing file /opt/airflow/dags/demo_dag.py for tasks to queue
[2022-05-20 01:10:36,806] {logging_mixin.py:115} INFO - [2022-05-20 01:10:36,806] {dagbag.py:507} INFO - Filling up the DagBag from /opt/airflow/dags/demo_dag.py
[2022-05-20 01:10:37,065] {logging_mixin.py:115} INFO - [2022-05-20 01:10:37,061] {dagbag.py:320} ERROR - Failed to import: /opt/airflow/dags/demo_dag.py
Traceback (most recent call last):
  File "/home/airflow/.local/lib/python3.7/site-packages/airflow/models/dagbag.py", line 317, in parse
    loader.exec_module(new_module)
  File "<frozen importlib._bootstrap_external>", line 728, in exec_module
  File "<frozen importlib._bootstrap>", line 219, in _call_with_frames_removed
  File "/opt/airflow/dags/demo_dag.py", line 4, in <module>
    from pipeline import top_tracks_to_df, top_artists_to_df
  File "/opt/airflow/dags/pipeline.py", line 7, in <module>
    asdf
NameError: name 'asdf' is not defined
[2022-05-20 01:10:37,067] {processor.py:653} WARNING - No viable dags retrieved from /opt/airflow/dags/demo_dag.py
[2022-05-20 01:10:37,106] {processor.py:161} INFO - Processing /opt/airflow/dags/demo_dag.py took 0.303 seconds
[2022-05-20 01:11:07,206] {processor.py:153} INFO - Started process (PID=646) to work on /opt/airflow/dags/demo_dag.py
[2022-05-20 01:11:07,207] {processor.py:641} INFO - Processing file /opt/airflow/dags/demo_dag.py for tasks to queue
[2022-05-20 01:11:07,208] {logging_mixin.py:115} INFO - [2022-05-20 01:11:07,207] {dagbag.py:507} INFO - Filling up the DagBag from /opt/airflow/dags/demo_dag.py
[2022-05-20 01:11:07,505] {logging_mixin.py:115} INFO - [2022-05-20 01:11:07,500] {dagbag.py:320} ERROR - Failed to import: /opt/airflow/dags/demo_dag.py
Traceback (most recent call last):
  File "/home/airflow/.local/lib/python3.7/site-packages/airflow/models/dagbag.py", line 317, in parse
    loader.exec_module(new_module)
  File "<frozen importlib._bootstrap_external>", line 728, in exec_module
  File "<frozen importlib._bootstrap>", line 219, in _call_with_frames_removed
  File "/opt/airflow/dags/demo_dag.py", line 4, in <module>
    from pipeline import top_tracks_to_df, top_artists_to_df
  File "/opt/airflow/dags/pipeline.py", line 7, in <module>
    asdf
NameError: name 'asdf' is not defined
[2022-05-20 01:11:07,507] {processor.py:653} WARNING - No viable dags retrieved from /opt/airflow/dags/demo_dag.py
[2022-05-20 01:11:07,519] {processor.py:161} INFO - Processing /opt/airflow/dags/demo_dag.py took 0.314 seconds
[2022-05-20 01:11:37,610] {processor.py:153} INFO - Started process (PID=681) to work on /opt/airflow/dags/demo_dag.py
[2022-05-20 01:11:37,610] {processor.py:641} INFO - Processing file /opt/airflow/dags/demo_dag.py for tasks to queue
[2022-05-20 01:11:37,611] {logging_mixin.py:115} INFO - [2022-05-20 01:11:37,611] {dagbag.py:507} INFO - Filling up the DagBag from /opt/airflow/dags/demo_dag.py
[2022-05-20 01:11:37,939] {logging_mixin.py:115} INFO - [2022-05-20 01:11:37,934] {dagbag.py:320} ERROR - Failed to import: /opt/airflow/dags/demo_dag.py
Traceback (most recent call last):
  File "/home/airflow/.local/lib/python3.7/site-packages/airflow/models/dagbag.py", line 317, in parse
    loader.exec_module(new_module)
  File "<frozen importlib._bootstrap_external>", line 728, in exec_module
  File "<frozen importlib._bootstrap>", line 219, in _call_with_frames_removed
  File "/opt/airflow/dags/demo_dag.py", line 4, in <module>
    from pipeline import top_tracks_to_df, top_artists_to_df
  File "/opt/airflow/dags/pipeline.py", line 7, in <module>
    asdf
NameError: name 'asdf' is not defined
[2022-05-20 01:11:37,941] {processor.py:653} WARNING - No viable dags retrieved from /opt/airflow/dags/demo_dag.py
[2022-05-20 01:11:37,971] {processor.py:161} INFO - Processing /opt/airflow/dags/demo_dag.py took 0.363 seconds
[2022-05-20 01:12:08,062] {processor.py:153} INFO - Started process (PID=716) to work on /opt/airflow/dags/demo_dag.py
[2022-05-20 01:12:08,062] {processor.py:641} INFO - Processing file /opt/airflow/dags/demo_dag.py for tasks to queue
[2022-05-20 01:12:08,063] {logging_mixin.py:115} INFO - [2022-05-20 01:12:08,062] {dagbag.py:507} INFO - Filling up the DagBag from /opt/airflow/dags/demo_dag.py
[2022-05-20 01:12:08,361] {logging_mixin.py:115} INFO - [2022-05-20 01:12:08,356] {dagbag.py:320} ERROR - Failed to import: /opt/airflow/dags/demo_dag.py
Traceback (most recent call last):
  File "/home/airflow/.local/lib/python3.7/site-packages/airflow/models/dagbag.py", line 317, in parse
    loader.exec_module(new_module)
  File "<frozen importlib._bootstrap_external>", line 728, in exec_module
  File "<frozen importlib._bootstrap>", line 219, in _call_with_frames_removed
  File "/opt/airflow/dags/demo_dag.py", line 4, in <module>
    from pipeline import top_tracks_to_df, top_artists_to_df
  File "/opt/airflow/dags/pipeline.py", line 7, in <module>
    asdf
NameError: name 'asdf' is not defined
[2022-05-20 01:12:08,362] {processor.py:653} WARNING - No viable dags retrieved from /opt/airflow/dags/demo_dag.py
[2022-05-20 01:12:08,374] {processor.py:161} INFO - Processing /opt/airflow/dags/demo_dag.py took 0.314 seconds
[2022-05-20 01:12:38,471] {processor.py:153} INFO - Started process (PID=742) to work on /opt/airflow/dags/demo_dag.py
[2022-05-20 01:12:38,472] {processor.py:641} INFO - Processing file /opt/airflow/dags/demo_dag.py for tasks to queue
[2022-05-20 01:12:38,472] {logging_mixin.py:115} INFO - [2022-05-20 01:12:38,472] {dagbag.py:507} INFO - Filling up the DagBag from /opt/airflow/dags/demo_dag.py
[2022-05-20 01:12:38,750] {logging_mixin.py:115} INFO - [2022-05-20 01:12:38,745] {dagbag.py:320} ERROR - Failed to import: /opt/airflow/dags/demo_dag.py
Traceback (most recent call last):
  File "/home/airflow/.local/lib/python3.7/site-packages/airflow/models/dagbag.py", line 317, in parse
    loader.exec_module(new_module)
  File "<frozen importlib._bootstrap_external>", line 728, in exec_module
  File "<frozen importlib._bootstrap>", line 219, in _call_with_frames_removed
  File "/opt/airflow/dags/demo_dag.py", line 4, in <module>
    from pipeline import top_tracks_to_df, top_artists_to_df
  File "/opt/airflow/dags/pipeline.py", line 7, in <module>
    asdf
NameError: name 'asdf' is not defined
[2022-05-20 01:12:38,752] {processor.py:653} WARNING - No viable dags retrieved from /opt/airflow/dags/demo_dag.py
[2022-05-20 01:12:38,771] {processor.py:161} INFO - Processing /opt/airflow/dags/demo_dag.py took 0.302 seconds
[2022-05-20 01:13:08,864] {processor.py:153} INFO - Started process (PID=776) to work on /opt/airflow/dags/demo_dag.py
[2022-05-20 01:13:08,865] {processor.py:641} INFO - Processing file /opt/airflow/dags/demo_dag.py for tasks to queue
[2022-05-20 01:13:08,865] {logging_mixin.py:115} INFO - [2022-05-20 01:13:08,865] {dagbag.py:507} INFO - Filling up the DagBag from /opt/airflow/dags/demo_dag.py
[2022-05-20 01:13:09,141] {logging_mixin.py:115} INFO - [2022-05-20 01:13:09,137] {dagbag.py:320} ERROR - Failed to import: /opt/airflow/dags/demo_dag.py
Traceback (most recent call last):
  File "/home/airflow/.local/lib/python3.7/site-packages/airflow/models/dagbag.py", line 317, in parse
    loader.exec_module(new_module)
  File "<frozen importlib._bootstrap_external>", line 728, in exec_module
  File "<frozen importlib._bootstrap>", line 219, in _call_with_frames_removed
  File "/opt/airflow/dags/demo_dag.py", line 4, in <module>
    from pipeline import top_tracks_to_df, top_artists_to_df
  File "/opt/airflow/dags/pipeline.py", line 7, in <module>
    asdf
NameError: name 'asdf' is not defined
[2022-05-20 01:13:09,143] {processor.py:653} WARNING - No viable dags retrieved from /opt/airflow/dags/demo_dag.py
[2022-05-20 01:13:09,171] {processor.py:161} INFO - Processing /opt/airflow/dags/demo_dag.py took 0.308 seconds
[2022-05-20 01:13:39,342] {processor.py:153} INFO - Started process (PID=809) to work on /opt/airflow/dags/demo_dag.py
[2022-05-20 01:13:39,342] {processor.py:641} INFO - Processing file /opt/airflow/dags/demo_dag.py for tasks to queue
[2022-05-20 01:13:39,343] {logging_mixin.py:115} INFO - [2022-05-20 01:13:39,343] {dagbag.py:507} INFO - Filling up the DagBag from /opt/airflow/dags/demo_dag.py
[2022-05-20 01:13:39,639] {logging_mixin.py:115} INFO - [2022-05-20 01:13:39,634] {dagbag.py:320} ERROR - Failed to import: /opt/airflow/dags/demo_dag.py
Traceback (most recent call last):
  File "/home/airflow/.local/lib/python3.7/site-packages/airflow/models/dagbag.py", line 317, in parse
    loader.exec_module(new_module)
  File "<frozen importlib._bootstrap_external>", line 728, in exec_module
  File "<frozen importlib._bootstrap>", line 219, in _call_with_frames_removed
  File "/opt/airflow/dags/demo_dag.py", line 4, in <module>
    from pipeline import top_tracks_to_df, top_artists_to_df
  File "/opt/airflow/dags/pipeline.py", line 7, in <module>
    asdf
NameError: name 'asdf' is not defined
[2022-05-20 01:13:39,641] {processor.py:653} WARNING - No viable dags retrieved from /opt/airflow/dags/demo_dag.py
[2022-05-20 01:13:39,654] {processor.py:161} INFO - Processing /opt/airflow/dags/demo_dag.py took 0.314 seconds
[2022-05-20 01:14:09,744] {processor.py:153} INFO - Started process (PID=843) to work on /opt/airflow/dags/demo_dag.py
[2022-05-20 01:14:09,744] {processor.py:641} INFO - Processing file /opt/airflow/dags/demo_dag.py for tasks to queue
[2022-05-20 01:14:09,745] {logging_mixin.py:115} INFO - [2022-05-20 01:14:09,745] {dagbag.py:507} INFO - Filling up the DagBag from /opt/airflow/dags/demo_dag.py
[2022-05-20 01:14:10,083] {logging_mixin.py:115} INFO - [2022-05-20 01:14:10,078] {dagbag.py:320} ERROR - Failed to import: /opt/airflow/dags/demo_dag.py
Traceback (most recent call last):
  File "/home/airflow/.local/lib/python3.7/site-packages/airflow/models/dagbag.py", line 317, in parse
    loader.exec_module(new_module)
  File "<frozen importlib._bootstrap_external>", line 728, in exec_module
  File "<frozen importlib._bootstrap>", line 219, in _call_with_frames_removed
  File "/opt/airflow/dags/demo_dag.py", line 4, in <module>
    from pipeline import top_tracks_to_df, top_artists_to_df
  File "/opt/airflow/dags/pipeline.py", line 7, in <module>
    asdf
NameError: name 'asdf' is not defined
[2022-05-20 01:14:10,085] {processor.py:653} WARNING - No viable dags retrieved from /opt/airflow/dags/demo_dag.py
[2022-05-20 01:14:10,102] {processor.py:161} INFO - Processing /opt/airflow/dags/demo_dag.py took 0.361 seconds
[2022-05-20 01:14:40,220] {processor.py:153} INFO - Started process (PID=867) to work on /opt/airflow/dags/demo_dag.py
[2022-05-20 01:14:40,220] {processor.py:641} INFO - Processing file /opt/airflow/dags/demo_dag.py for tasks to queue
[2022-05-20 01:14:40,221] {logging_mixin.py:115} INFO - [2022-05-20 01:14:40,221] {dagbag.py:507} INFO - Filling up the DagBag from /opt/airflow/dags/demo_dag.py
[2022-05-20 01:14:40,568] {logging_mixin.py:115} INFO - [2022-05-20 01:14:40,562] {dagbag.py:320} ERROR - Failed to import: /opt/airflow/dags/demo_dag.py
Traceback (most recent call last):
  File "/home/airflow/.local/lib/python3.7/site-packages/airflow/models/dagbag.py", line 317, in parse
    loader.exec_module(new_module)
  File "<frozen importlib._bootstrap_external>", line 728, in exec_module
  File "<frozen importlib._bootstrap>", line 219, in _call_with_frames_removed
  File "/opt/airflow/dags/demo_dag.py", line 4, in <module>
    from pipeline import top_tracks_to_df, top_artists_to_df
  File "/opt/airflow/dags/pipeline.py", line 7, in <module>
    asdf
NameError: name 'asdf' is not defined
[2022-05-20 01:14:40,570] {processor.py:653} WARNING - No viable dags retrieved from /opt/airflow/dags/demo_dag.py
[2022-05-20 01:14:40,628] {processor.py:161} INFO - Processing /opt/airflow/dags/demo_dag.py took 0.410 seconds
[2022-05-20 01:15:10,728] {processor.py:153} INFO - Started process (PID=902) to work on /opt/airflow/dags/demo_dag.py
[2022-05-20 01:15:10,729] {processor.py:641} INFO - Processing file /opt/airflow/dags/demo_dag.py for tasks to queue
[2022-05-20 01:15:10,729] {logging_mixin.py:115} INFO - [2022-05-20 01:15:10,729] {dagbag.py:507} INFO - Filling up the DagBag from /opt/airflow/dags/demo_dag.py
[2022-05-20 01:15:11,064] {logging_mixin.py:115} INFO - [2022-05-20 01:15:11,057] {dagbag.py:320} ERROR - Failed to import: /opt/airflow/dags/demo_dag.py
Traceback (most recent call last):
  File "/home/airflow/.local/lib/python3.7/site-packages/airflow/models/dagbag.py", line 317, in parse
    loader.exec_module(new_module)
  File "<frozen importlib._bootstrap_external>", line 728, in exec_module
  File "<frozen importlib._bootstrap>", line 219, in _call_with_frames_removed
  File "/opt/airflow/dags/demo_dag.py", line 4, in <module>
    from pipeline import top_tracks_to_df, top_artists_to_df
  File "/opt/airflow/dags/pipeline.py", line 7, in <module>
    asdf
NameError: name 'asdf' is not defined
[2022-05-20 01:15:11,066] {processor.py:653} WARNING - No viable dags retrieved from /opt/airflow/dags/demo_dag.py
[2022-05-20 01:15:11,093] {processor.py:161} INFO - Processing /opt/airflow/dags/demo_dag.py took 0.366 seconds
[2022-05-20 01:15:41,189] {processor.py:153} INFO - Started process (PID=927) to work on /opt/airflow/dags/demo_dag.py
[2022-05-20 01:15:41,190] {processor.py:641} INFO - Processing file /opt/airflow/dags/demo_dag.py for tasks to queue
[2022-05-20 01:15:41,190] {logging_mixin.py:115} INFO - [2022-05-20 01:15:41,190] {dagbag.py:507} INFO - Filling up the DagBag from /opt/airflow/dags/demo_dag.py
[2022-05-20 01:15:41,484] {logging_mixin.py:115} INFO - [2022-05-20 01:15:41,479] {dagbag.py:320} ERROR - Failed to import: /opt/airflow/dags/demo_dag.py
Traceback (most recent call last):
  File "/home/airflow/.local/lib/python3.7/site-packages/airflow/models/dagbag.py", line 317, in parse
    loader.exec_module(new_module)
  File "<frozen importlib._bootstrap_external>", line 728, in exec_module
  File "<frozen importlib._bootstrap>", line 219, in _call_with_frames_removed
  File "/opt/airflow/dags/demo_dag.py", line 4, in <module>
    from pipeline import top_tracks_to_df, top_artists_to_df
  File "/opt/airflow/dags/pipeline.py", line 7, in <module>
    asdf
NameError: name 'asdf' is not defined
[2022-05-20 01:15:41,486] {processor.py:653} WARNING - No viable dags retrieved from /opt/airflow/dags/demo_dag.py
[2022-05-20 01:15:41,497] {processor.py:161} INFO - Processing /opt/airflow/dags/demo_dag.py took 0.310 seconds
